#
# A fatal error has been detected by the Java Runtime Environment:
#
#  EXCEPTION_ACCESS_VIOLATION (0xc0000005) at pc=0x00000000026c6c1b, pid=22916, tid=0x0000000000000008
#
# JRE version: Java(TM) SE Runtime Environment (8.0_241-b07) (build 1.8.0_241-b07)
# Java VM: Java HotSpot(TM) 64-Bit Server VM (25.241-b07 mixed mode windows-amd64 compressed oops)
# Problematic frame:
# j  java.util.Collections.indexedBinarySearch(Ljava/util/List;Ljava/lang/Object;)I+31
#
# Failed to write core dump. Minidumps are not enabled by default on client versions of Windows
#
# If you would like to submit a bug report, please visit:
#   http://bugreport.java.com/bugreport/crash.jsp
#

---------------  T H R E A D  ---------------

Current thread (0x0000000019181800):  JavaThread "Cache worker for journal cache (C:\Users\admin\.gradle\caches\journal-1)" [_thread_in_Java, id=8, stack(0x000000001b0c0000,0x000000001b1c0000)]

siginfo: ExceptionCode=0xc0000005, reading address 0x00000007074eda98

Registers:
RAX=0x0000000100001300, RBX=0x00000007074eda80, RCX=0x0000000000000018, RDX=0x00000000e130a4c0
RSP=0x000000001b1be7d8, RBP=0x000000001b1be818, RSI=0x000000001e13d6e0, RDI=0x0000000000000001
R8 =0x0000000002369300, R9 =0x0000000000000001, R10=0x0000000062487000, R11=0x000000001b1be790
R12=0x0000000000000000, R13=0x00000000137449a7, R14=0x000000001b1be858, R15=0x0000000019181800
RIP=0x00000000026c6c1b, EFLAGS=0x0000000000010202

Top of Stack: (sp=0x000000001b1be7d8)
0x000000001b1be7d8:   000000001b1be7d8 00000000137449a7
0x000000001b1be7e8:   000000001b1be858 00000000137484c0
0x000000001b1be7f8:   000000001cfe3d88 00000000137449f0
0x000000001b1be808:   0000000000000000 000000001b1be850
0x000000001b1be818:   000000001b1be8a0 00000000026a7da0
0x000000001b1be828:   0000000000000000 0000000000000000
0x000000001b1be838:   deaddeaf0000005c deaddeaf0000005e
0x000000001b1be848:   deaddeaf0000005a 00000000f8011dc0
0x000000001b1be858:   00000000e12e5368 000000001b1be860
0x000000001b1be868:   00000000137448ed 000000001b1be8b8
0x000000001b1be878:   00000000137484c0 000000001e974c58
0x000000001b1be888:   0000000013744900 000000001b1be850
0x000000001b1be898:   000000001b1be8b0 000000001b1be900
0x000000001b1be8a8:   00000000026a7da0 0000000000000000
0x000000001b1be8b8:   0000000000000000 000000001b1be8c0
0x000000001b1be8c8:   000000001e8bf93d 000000001b1be938 

Instructions: (pc=0x00000000026c6c1b)
0x00000000026c6bfb:   89 59 10 bf 01 00 00 00 48 89 79 18 48 83 c1 30
0x00000000026c6c0b:   48 89 4d e0 48 3b d8 0f 84 5b 00 00 00 8b 48 0c
0x00000000026c6c1b:   48 3b 04 0b 0f 84 4e 00 00 00 83 f9 18 0f 85 22
0x00000000026c6c2b:   00 00 00 50 48 8b c0 57 48 8b 7b 20 8b 0f 48 83 


Register to memory mapping:

RAX=0x0000000100001300 is pointing into metadata
RBX=0x00000007074eda80 is an unknown value
RCX=0x0000000000000018 is an unknown value
RDX=0x00000000e130a4c0 is pointing into object: 0x00000000e130a4b0
org.gradle.cache.internal.btree.BTreePersistentIndexedCache$IndexEntry 
 - klass: 'org/gradle/cache/internal/btree/BTreePersistentIndexedCache$IndexEntry'
RSP=0x000000001b1be7d8 is pointing into the stack for thread: 0x0000000019181800
RBP=0x000000001b1be818 is pointing into the stack for thread: 0x0000000019181800
RSI=0x000000001e13d6e0 is an unknown value
RDI=0x0000000000000001 is an unknown value
R8 =0x0000000002369300 is an unknown value
R9 =0x0000000000000001 is an unknown value
R10=0x0000000062487000 is an unknown value
R11=0x000000001b1be790 is pointing into the stack for thread: 0x0000000019181800
R12=0x0000000000000000 is an unknown value
R13=0x00000000137449a7 is pointing into metadata
R14=0x000000001b1be858 is pointing into the stack for thread: 0x0000000019181800
R15=0x0000000019181800 is a thread


Stack: [0x000000001b0c0000,0x000000001b1c0000],  sp=0x000000001b1be7d8,  free space=1017k
Native frames: (J=compiled Java code, j=interpreted, Vv=VM code, C=native code)
C  0x00000000026c6c1b


---------------  P R O C E S S  ---------------

Java Threads: ( => current thread )
  0x000000001d34a000 JavaThread "Cache worker for execution history cache (F:\1.react_native_workspace\12.calori_tracking\devel\calorie_track_malay\app_calorie_track_malay\android\.gradle\6.2\executionHistory)" [_thread_blocked, id=27884, stack(0x0000000024bc0000,0x0000000024cc0000)]
  0x000000001d34c800 JavaThread "Execution worker for ':' Thread 11" [_thread_blocked, id=32716, stack(0x00000000264e0000,0x00000000265e0000)]
  0x000000001d34f800 JavaThread "Execution worker for ':' Thread 10" [_thread_blocked, id=22692, stack(0x00000000263e0000,0x00000000264e0000)]
  0x000000001d351000 JavaThread "Execution worker for ':' Thread 9" [_thread_blocked, id=29572, stack(0x0000000026120000,0x0000000026220000)]
  0x000000001d34b800 JavaThread "Execution worker for ':' Thread 8" [_thread_blocked, id=24228, stack(0x0000000025f20000,0x0000000026020000)]
  0x000000001d350000 JavaThread "Execution worker for ':' Thread 7" [_thread_blocked, id=24992, stack(0x0000000025520000,0x0000000025620000)]
  0x000000001917f800 JavaThread "Execution worker for ':' Thread 6" [_thread_blocked, id=15364, stack(0x0000000025220000,0x0000000025320000)]
  0x0000000019184800 JavaThread "Execution worker for ':' Thread 5" [_thread_blocked, id=10248, stack(0x0000000025120000,0x0000000025220000)]
  0x000000001917e800 JavaThread "Execution worker for ':' Thread 4" [_thread_blocked, id=30036, stack(0x0000000025020000,0x0000000025120000)]
  0x0000000019183000 JavaThread "Execution worker for ':' Thread 3" [_thread_blocked, id=4596, stack(0x0000000024f20000,0x0000000025020000)]
  0x0000000017b6d000 JavaThread "Execution worker for ':' Thread 2" [_thread_blocked, id=15460, stack(0x0000000024ac0000,0x0000000024bc0000)]
  0x0000000017b6c800 JavaThread "Execution worker for ':'" [_thread_blocked, id=21156, stack(0x00000000248b0000,0x00000000249b0000)]
  0x0000000017b6b800 JavaThread "Cache worker for file content cache (F:\1.react_native_workspace\12.calori_tracking\devel\calorie_track_malay\app_calorie_track_malay\android\.gradle\6.2\fileContent)" [_thread_blocked, id=23020, stack(0x00000000249c0000,0x0000000024ac0000)]
  0x0000000017b6b000 JavaThread "Cache worker for Build Output Cleanup Cache (F:\1.react_native_workspace\12.calori_tracking\devel\calorie_track_malay\app_calorie_track_malay\android\.gradle\buildOutputCleanup)" [_thread_blocked, id=33540, stack(0x00000000247b0000,0x00000000248b0000)]
  0x0000000017b6a000 JavaThread "pool-2-thread-1" [_thread_blocked, id=25808, stack(0x00000000245b0000,0x00000000246b0000)]
  0x0000000017b68800 JavaThread "Build operations Thread 12" [_thread_blocked, id=14500, stack(0x0000000022dd0000,0x0000000022ed0000)]
  0x0000000017b6e000 JavaThread "Build operations Thread 11" [_thread_blocked, id=27436, stack(0x0000000022ad0000,0x0000000022bd0000)]
  0x0000000017b68000 JavaThread "Build operations Thread 10" [_thread_blocked, id=32420, stack(0x00000000225d0000,0x00000000226d0000)]
  0x0000000017f21800 JavaThread "Build operations Thread 9" [_thread_blocked, id=12876, stack(0x00000000224d0000,0x00000000225d0000)]
  0x0000000017f1e800 JavaThread "Build operations Thread 8" [_thread_blocked, id=21232, stack(0x00000000223d0000,0x00000000224d0000)]
  0x0000000017f1d800 JavaThread "Build operations Thread 7" [_thread_blocked, id=28020, stack(0x00000000222d0000,0x00000000223d0000)]
  0x0000000017f20800 JavaThread "Build operations Thread 6" [_thread_blocked, id=1312, stack(0x00000000221d0000,0x00000000222d0000)]
  0x0000000017f1d000 JavaThread "Build operations Thread 5" [_thread_blocked, id=26940, stack(0x00000000210a0000,0x00000000211a0000)]
  0x0000000017f1f000 JavaThread "Build operations Thread 4" [_thread_blocked, id=24656, stack(0x0000000020fa0000,0x00000000210a0000)]
  0x0000000017f15800 JavaThread "Build operations Thread 3" [_thread_blocked, id=14400, stack(0x0000000020ea0000,0x0000000020fa0000)]
  0x0000000017f1c000 JavaThread "Build operations Thread 2" [_thread_blocked, id=29416, stack(0x0000000020da0000,0x0000000020ea0000)]
  0x0000000017f1b800 JavaThread "Build operations" [_thread_blocked, id=25284, stack(0x0000000020ca0000,0x0000000020da0000)]
  0x0000000017f1a800 JavaThread "Cache worker for cache directory md-rule (C:\Users\admin\.gradle\caches\6.2\md-rule)" [_thread_blocked, id=17192, stack(0x0000000020ba0000,0x0000000020ca0000)]
  0x0000000017f1a000 JavaThread "Cache worker for cache directory md-supplier (C:\Users\admin\.gradle\caches\6.2\md-supplier)" [_thread_blocked, id=29196, stack(0x000000001d090000,0x000000001d190000)]
  0x0000000017f17800 JavaThread "Cache worker for file hash cache (F:\1.react_native_workspace\12.calori_tracking\devel\calorie_track_malay\app_calorie_track_malay\android\.gradle\6.2\fileHashes)" [_thread_blocked, id=13164, stack(0x000000001cc90000,0x000000001cd90000)]
  0x0000000017f17000 JavaThread "Cache worker for checksums cache (F:\1.react_native_workspace\12.calori_tracking\devel\calorie_track_malay\app_calorie_track_malay\android\.gradle\checksums)" [_thread_blocked, id=16556, stack(0x000000001c990000,0x000000001ca90000)]
  0x0000000017f13000 JavaThread "Thread-51" [_thread_blocked, id=1384, stack(0x000000001c690000,0x000000001c790000)]
  0x0000000017f19000 JavaThread "Stdin handler" [_thread_blocked, id=25480, stack(0x000000001c590000,0x000000001c690000)]
  0x0000000017f14000 JavaThread "Asynchronous log dispatcher for DefaultDaemonConnection: socket connection from /127.0.0.1:56827 to /127.0.0.1:56877" [_thread_blocked, id=23804, stack(0x000000001adc0000,0x000000001aec0000)]
  0x0000000017f14800 JavaThread "Cancel handler" [_thread_blocked, id=32476, stack(0x0000000000970000,0x0000000000a70000)]
  0x0000000017f16000 JavaThread "Handler for socket connection from /127.0.0.1:56827 to /127.0.0.1:56877" [_thread_in_native, id=17996, stack(0x0000000000870000,0x0000000000970000)]
  0x0000000017b6e800 JavaThread "AWT-Windows" daemon [_thread_in_native, id=23624, stack(0x0000000026020000,0x0000000026120000)]
  0x0000000017b69800 JavaThread "Java2D Disposer" daemon [_thread_blocked, id=22084, stack(0x0000000025e20000,0x0000000025f20000)]
  0x0000000019180000 JavaThread "Device List Monitor" [_thread_in_native, id=22056, stack(0x0000000025d20000,0x0000000025e20000)]
  0x0000000017f20000 JavaThread "Monitor" [_thread_in_native, id=18204, stack(0x0000000025c20000,0x0000000025d20000)]
  0x0000000017f12800 JavaThread "Cache worker for file content cache (C:\Users\admin\.gradle\caches\6.2\fileContent)" [_thread_blocked, id=15924, stack(0x0000000023dd0000,0x0000000023ed0000)]
  0x0000000017f18800 JavaThread "Memory manager" [_thread_blocked, id=10384, stack(0x0000000023ad0000,0x0000000023bd0000)]
  0x0000000019185800 JavaThread "Cache worker for execution history cache (C:\Users\admin\.gradle\caches\6.2\executionHistory)" [_thread_blocked, id=27288, stack(0x000000001cd90000,0x000000001ce90000)]
  0x0000000019184000 JavaThread "Cache worker for file hash cache (C:\Users\admin\.gradle\caches\6.2\fileHashes)" [_thread_blocked, id=24524, stack(0x000000001b2c0000,0x000000001b3c0000)]
  0x0000000019182800 JavaThread "File lock request listener" [_thread_in_native, id=21508, stack(0x000000001b1c0000,0x000000001b2c0000)]
=>0x0000000019181800 JavaThread "Cache worker for journal cache (C:\Users\admin\.gradle\caches\journal-1)" [_thread_in_Java, id=8, stack(0x000000001b0c0000,0x000000001b1c0000)]
  0x0000000018f80800 JavaThread "Daemon worker" [_thread_blocked, id=6880, stack(0x000000001aac0000,0x000000001abc0000)]
  0x0000000018f05000 JavaThread "Daemon" [_thread_blocked, id=2516, stack(0x000000001a4c0000,0x000000001a5c0000)]
  0x0000000018f03000 JavaThread "Daemon periodic checks" [_thread_blocked, id=22132, stack(0x000000001a3c0000,0x000000001a4c0000)]
  0x0000000018eb7000 JavaThread "Incoming local TCP Connector on port 56827" [_thread_in_native, id=19952, stack(0x000000001a180000,0x000000001a280000)]
  0x0000000018e7c000 JavaThread "Daemon health stats" [_thread_blocked, id=20372, stack(0x0000000019b40000,0x0000000019c40000)]
  0x00000000157d1800 JavaThread "Service Thread" daemon [_thread_blocked, id=7052, stack(0x00000000171a0000,0x00000000172a0000)]
  0x000000001575b000 JavaThread "C1 CompilerThread3" daemon [_thread_blocked, id=7140, stack(0x00000000170a0000,0x00000000171a0000)]
  0x000000001575a800 JavaThread "C2 CompilerThread2" daemon [_thread_blocked, id=8564, stack(0x0000000016fa0000,0x00000000170a0000)]
  0x0000000015754800 JavaThread "C2 CompilerThread1" daemon [_thread_blocked, id=13600, stack(0x0000000016ea0000,0x0000000016fa0000)]
  0x000000001574f800 JavaThread "C2 CompilerThread0" daemon [_thread_blocked, id=33744, stack(0x0000000016da0000,0x0000000016ea0000)]
  0x000000001574e800 JavaThread "Attach Listener" daemon [_thread_blocked, id=29680, stack(0x0000000016ca0000,0x0000000016da0000)]
  0x000000001574d800 JavaThread "Signal Dispatcher" daemon [_thread_blocked, id=20932, stack(0x0000000016ba0000,0x0000000016ca0000)]
  0x0000000014063000 JavaThread "Finalizer" daemon [_thread_blocked, id=15676, stack(0x00000000169a0000,0x0000000016aa0000)]
  0x0000000015733000 JavaThread "Reference Handler" daemon [_thread_blocked, id=27520, stack(0x00000000168a0000,0x00000000169a0000)]
  0x00000000025a3800 JavaThread "main" [_thread_blocked, id=9328, stack(0x00000000024a0000,0x00000000025a0000)]

Other Threads:
  0x0000000014056800 VMThread [stack: 0x00000000167a0000,0x00000000168a0000] [id=21664]
  0x0000000015773800 WatcherThread [stack: 0x00000000172a0000,0x00000000173a0000] [id=12948]

VM state:synchronizing (normal execution)

VM Mutex/Monitor currently owned by a thread:  ([mutex/lock_event])
[0x00000000025a0ed0] Safepoint_lock - owner thread: 0x0000000014056800
[0x00000000025a0350] Threads_lock - owner thread: 0x0000000014056800

heap address: 0x00000000e0000000, size: 512 MB, Compressed Oops mode: 32-bit
Narrow klass base: 0x0000000000000000, Narrow klass shift: 3
Compressed class space size: 1073741824 Address: 0x0000000100000000

Heap:
 PSYoungGen      total 126464K, used 77258K [0x00000000f5580000, 0x0000000100000000, 0x0000000100000000)
  eden space 98816K, 50% used [0x00000000f5580000,0x00000000f85f9210,0x00000000fb600000)
  from space 27648K, 99% used [0x00000000fe500000,0x00000000ffff98d8,0x0000000100000000)
  to   space 37888K, 0% used [0x00000000fb600000,0x00000000fb600000,0x00000000fdb00000)
 ParOldGen       total 204288K, used 99942K [0x00000000e0000000, 0x00000000ec780000, 0x00000000f5580000)
  object space 204288K, 48% used [0x00000000e0000000,0x00000000e6199b70,0x00000000ec780000)
 Metaspace       used 74528K, capacity 80686K, committed 80896K, reserved 1118208K
  class space    used 10188K, capacity 11450K, committed 11520K, reserved 1048576K

Card table byte_map: [0x0000000011a60000,0x0000000011b70000] byte_map_base: 0x0000000011360000

Marking Bits: (ParMarkBitMap*) 0x000000006249be30
 Begin Bits: [0x0000000012570000, 0x0000000012d70000)
 End Bits:   [0x0000000012d70000, 0x0000000013570000)

Polling page: 0x00000000001d0000

CodeCache: size=245760Kb used=36620Kb max_used=36629Kb free=209139Kb
 bounds [0x00000000026a0000, 0x0000000004aa0000, 0x00000000116a0000]
 total_blobs=12216 nmethods=11362 adapters=765
 compilation: enabled

Compilation events (10 events):
Event: 67.520 Thread 0x000000001574f800 nmethod 13537 0x0000000004a8f3d0 code [0x0000000004a8f580, 0x0000000004a90538]
Event: 67.520 Thread 0x000000001574f800 13525       4       java.util.LinkedList::addFirst (6 bytes)
Event: 67.521 Thread 0x000000001574f800 nmethod 13525 0x0000000004a8c350 code [0x0000000004a8c4a0, 0x0000000004a8c5d8]
Event: 67.521 Thread 0x000000001574f800 13526       4       java.util.LinkedList::linkFirst (59 bytes)
Event: 67.523 Thread 0x000000001574f800 nmethod 13526 0x0000000004a8c010 code [0x0000000004a8c160, 0x0000000004a8c298]
Event: 67.523 Thread 0x000000001574f800 13278       4       org.gradle.internal.component.external.model.DefaultModuleComponentSelector::assertModuleIdentifier (51 bytes)
Event: 67.523 Thread 0x000000001574f800 nmethod 13278 0x0000000002884190 code [0x00000000028842c0, 0x00000000028842f8]
Event: 67.529 Thread 0x000000001574f800 13550       4       org.gradle.internal.logging.serializer.ProgressStartEventSerializer::write (10 bytes)
Event: 67.529 Thread 0x000000001574f800 nmethod 13550 0x0000000004a53fd0 code [0x0000000004a54120, 0x0000000004a541e8]
Event: 67.529 Thread 0x000000001574f800 13551       4       org.gradle.internal.logging.serializer.ProgressStartEventSerializer::write (383 bytes)

GC Heap History (10 events):
Event: 30.863 GC heap before
{Heap before GC invocations=21 (full 3):
 PSYoungGen      total 104960K, used 104929K [0x00000000f5580000, 0x00000000fe600000, 0x0000000100000000)
  eden space 87040K, 100% used [0x00000000f5580000,0x00000000faa80000,0x00000000faa80000)
  from space 17920K, 99% used [0x00000000faa80000,0x00000000fbbf84b0,0x00000000fbc00000)
  to   space 23040K, 0% used [0x00000000fcf80000,0x00000000fcf80000,0x00000000fe600000)
 ParOldGen       total 204288K, used 63189K [0x00000000e0000000, 0x00000000ec780000, 0x00000000f5580000)
  object space 204288K, 30% used [0x00000000e0000000,0x00000000e3db5500,0x00000000ec780000)
 Metaspace       used 67222K, capacity 72402K, committed 72576K, reserved 1112064K
  class space    used 9481K, capacity 10612K, committed 10624K, reserved 1048576K
Event: 30.878 GC heap after
Heap after GC invocations=21 (full 3):
 PSYoungGen      total 124928K, used 5452K [0x00000000f5580000, 0x00000000fe600000, 0x0000000100000000)
  eden space 101888K, 0% used [0x00000000f5580000,0x00000000f5580000,0x00000000fb900000)
  from space 23040K, 23% used [0x00000000fcf80000,0x00000000fd4d3030,0x00000000fe600000)
  to   space 23040K, 0% used [0x00000000fb900000,0x00000000fb900000,0x00000000fcf80000)
 ParOldGen       total 204288K, used 80570K [0x00000000e0000000, 0x00000000ec780000, 0x00000000f5580000)
  object space 204288K, 39% used [0x00000000e0000000,0x00000000e4eae9f0,0x00000000ec780000)
 Metaspace       used 67222K, capacity 72402K, committed 72576K, reserved 1112064K
  class space    used 9481K, capacity 10612K, committed 10624K, reserved 1048576K
}
Event: 34.437 GC heap before
{Heap before GC invocations=22 (full 3):
 PSYoungGen      total 124928K, used 107340K [0x00000000f5580000, 0x00000000fe600000, 0x0000000100000000)
  eden space 101888K, 100% used [0x00000000f5580000,0x00000000fb900000,0x00000000fb900000)
  from space 23040K, 23% used [0x00000000fcf80000,0x00000000fd4d3030,0x00000000fe600000)
  to   space 23040K, 0% used [0x00000000fb900000,0x00000000fb900000,0x00000000fcf80000)
 ParOldGen       total 204288K, used 80570K [0x00000000e0000000, 0x00000000ec780000, 0x00000000f5580000)
  object space 204288K, 39% used [0x00000000e0000000,0x00000000e4eae9f0,0x00000000ec780000)
 Metaspace       used 68081K, capacity 73610K, committed 73856K, reserved 1112064K
  class space    used 9598K, capacity 10770K, committed 10880K, reserved 1048576K
Event: 34.444 GC heap after
Heap after GC invocations=22 (full 3):
 PSYoungGen      total 124928K, used 11824K [0x00000000f5580000, 0x00000000ff300000, 0x0000000100000000)
  eden space 101888K, 0% used [0x00000000f5580000,0x00000000f5580000,0x00000000fb900000)
  from space 23040K, 51% used [0x00000000fb900000,0x00000000fc48c030,0x00000000fcf80000)
  to   space 22016K, 0% used [0x00000000fdd80000,0x00000000fdd80000,0x00000000ff300000)
 ParOldGen       total 204288K, used 80578K [0x00000000e0000000, 0x00000000ec780000, 0x00000000f5580000)
  object space 204288K, 39% used [0x00000000e0000000,0x00000000e4eb09f0,0x00000000ec780000)
 Metaspace       used 68081K, capacity 73610K, committed 73856K, reserved 1112064K
  class space    used 9598K, capacity 10770K, committed 10880K, reserved 1048576K
}
Event: 36.201 GC heap before
{Heap before GC invocations=23 (full 3):
 PSYoungGen      total 124928K, used 113712K [0x00000000f5580000, 0x00000000ff300000, 0x0000000100000000)
  eden space 101888K, 100% used [0x00000000f5580000,0x00000000fb900000,0x00000000fb900000)
  from space 23040K, 51% used [0x00000000fb900000,0x00000000fc48c030,0x00000000fcf80000)
  to   space 22016K, 0% used [0x00000000fdd80000,0x00000000fdd80000,0x00000000ff300000)
 ParOldGen       total 204288K, used 80578K [0x00000000e0000000, 0x00000000ec780000, 0x00000000f5580000)
  object space 204288K, 39% used [0x00000000e0000000,0x00000000e4eb09f0,0x00000000ec780000)
 Metaspace       used 68448K, capacity 74000K, committed 74112K, reserved 1112064K
  class space    used 9630K, capacity 10793K, committed 10880K, reserved 1048576K
Event: 36.210 GC heap after
Heap after GC invocations=23 (full 3):
 PSYoungGen      total 137728K, used 17712K [0x00000000f5580000, 0x00000000ff580000, 0x0000000100000000)
  eden space 115712K, 0% used [0x00000000f5580000,0x00000000f5580000,0x00000000fc680000)
  from space 22016K, 80% used [0x00000000fdd80000,0x00000000feecc050,0x00000000ff300000)
  to   space 23552K, 0% used [0x00000000fc680000,0x00000000fc680000,0x00000000fdd80000)
 ParOldGen       total 204288K, used 80586K [0x00000000e0000000, 0x00000000ec780000, 0x00000000f5580000)
  object space 204288K, 39% used [0x00000000e0000000,0x00000000e4eb29f0,0x00000000ec780000)
 Metaspace       used 68448K, capacity 74000K, committed 74112K, reserved 1112064K
  class space    used 9630K, capacity 10793K, committed 10880K, reserved 1048576K
}
Event: 66.573 GC heap before
{Heap before GC invocations=24 (full 3):
 PSYoungGen      total 137728K, used 133424K [0x00000000f5580000, 0x00000000ff580000, 0x0000000100000000)
  eden space 115712K, 100% used [0x00000000f5580000,0x00000000fc680000,0x00000000fc680000)
  from space 22016K, 80% used [0x00000000fdd80000,0x00000000feecc050,0x00000000ff300000)
  to   space 23552K, 0% used [0x00000000fc680000,0x00000000fc680000,0x00000000fdd80000)
 ParOldGen       total 204288K, used 80586K [0x00000000e0000000, 0x00000000ec780000, 0x00000000f5580000)
  object space 204288K, 39% used [0x00000000e0000000,0x00000000e4eb29f0,0x00000000ec780000)
 Metaspace       used 73829K, capacity 79774K, committed 80000K, reserved 1118208K
  class space    used 10140K, capacity 11366K, committed 11392K, reserved 1048576K
Event: 66.591 GC heap after
Heap after GC invocations=24 (full 3):
 PSYoungGen      total 139264K, used 23546K [0x00000000f5580000, 0x0000000100000000, 0x0000000100000000)
  eden space 115712K, 0% used [0x00000000f5580000,0x00000000f5580000,0x00000000fc680000)
  from space 23552K, 99% used [0x00000000fc680000,0x00000000fdd7e9a8,0x00000000fdd80000)
  to   space 27648K, 0% used [0x00000000fe500000,0x00000000fe500000,0x0000000100000000)
 ParOldGen       total 204288K, used 82792K [0x00000000e0000000, 0x00000000ec780000, 0x00000000f5580000)
  object space 204288K, 40% used [0x00000000e0000000,0x00000000e50da2d8,0x00000000ec780000)
 Metaspace       used 73829K, capacity 79774K, committed 80000K, reserved 1118208K
  class space    used 10140K, capacity 11366K, committed 11392K, reserved 1048576K
}
Event: 67.320 GC heap before
{Heap before GC invocations=25 (full 3):
 PSYoungGen      total 139264K, used 139258K [0x00000000f5580000, 0x0000000100000000, 0x0000000100000000)
  eden space 115712K, 100% used [0x00000000f5580000,0x00000000fc680000,0x00000000fc680000)
  from space 23552K, 99% used [0x00000000fc680000,0x00000000fdd7e9a8,0x00000000fdd80000)
  to   space 27648K, 0% used [0x00000000fe500000,0x00000000fe500000,0x0000000100000000)
 ParOldGen       total 204288K, used 82792K [0x00000000e0000000, 0x00000000ec780000, 0x00000000f5580000)
  object space 204288K, 40% used [0x00000000e0000000,0x00000000e50da2d8,0x00000000ec780000)
 Metaspace       used 74431K, capacity 80458K, committed 80640K, reserved 1118208K
  class space    used 10180K, capacity 11436K, committed 11520K, reserved 1048576K
Event: 67.346 GC heap after
Heap after GC invocations=25 (full 3):
 PSYoungGen      total 126464K, used 27622K [0x00000000f5580000, 0x0000000100000000, 0x0000000100000000)
  eden space 98816K, 0% used [0x00000000f5580000,0x00000000f5580000,0x00000000fb600000)
  from space 27648K, 99% used [0x00000000fe500000,0x00000000ffff98d8,0x0000000100000000)
  to   space 37888K, 0% used [0x00000000fb600000,0x00000000fb600000,0x00000000fdb00000)
 ParOldGen       total 204288K, used 99942K [0x00000000e0000000, 0x00000000ec780000, 0x00000000f5580000)
  object space 204288K, 48% used [0x00000000e0000000,0x00000000e6199b70,0x00000000ec780000)
 Metaspace       used 74431K, capacity 80458K, committed 80640K, reserved 1118208K
  class space    used 10180K, capacity 11436K, committed 11520K, reserved 1048576K
}

Deoptimization events (10 events):
Event: 66.569 Thread 0x0000000018f80800 Uncommon trap: reason=class_check action=maybe_recompile pc=0x00000000035db1a4 method=java.util.Collections.binarySearch(Ljava/util/List;Ljava/lang/Object;Ljava/util/Comparator;)I @ 11
Event: 66.591 Thread 0x0000000015733000 Uncommon trap: reason=unstable_if action=reinterpret pc=0x0000000003459d78 method=java.lang.ref.Reference.tryHandlePending(Z)Z @ 20
Event: 66.605 Thread 0x0000000018f80800 Uncommon trap: reason=class_check action=maybe_recompile pc=0x000000000470201c method=org.gradle.internal.fingerprint.impl.DefaultFileCollectionSnapshotter$SnapshottingVisitor.visitCollection(Lorg/gradle/api/internal/file/FileCollectionInternal$Source;Lja
Event: 66.700 Thread 0x0000000017f14000 Uncommon trap: reason=unstable_if action=reinterpret pc=0x0000000003e8fcf8 method=com.esotericsoftware.kryo.io.Output.writeVarLong(JZ)I @ 55
Event: 66.717 Thread 0x0000000018f80800 Uncommon trap: reason=class_check action=maybe_recompile pc=0x000000000470201c method=org.gradle.internal.fingerprint.impl.DefaultFileCollectionSnapshotter$SnapshottingVisitor.visitCollection(Lorg/gradle/api/internal/file/FileCollectionInternal$Source;Lja
Event: 67.491 Thread 0x0000000017b6c800 Uncommon trap: reason=unstable_if action=reinterpret pc=0x000000000471df50 method=com.google.common.collect.MapMakerInternalMap$Segment.getEntry(Ljava/lang/Object;I)Lcom/google/common/collect/MapMakerInternalMap$InternalEntry; @ 40
Event: 67.491 Thread 0x0000000017b6c800 Uncommon trap: reason=unstable_if action=reinterpret pc=0x0000000004709780 method=com.google.common.collect.MapMakerInternalMap$Segment.drainKeyReferenceQueue(Ljava/lang/ref/ReferenceQueue;)V @ 8
Event: 67.491 Thread 0x0000000017b6c800 Uncommon trap: reason=unstable_if action=reinterpret pc=0x00000000046ef88c method=com.google.common.collect.MapMakerInternalMap$Segment.getEntry(Ljava/lang/Object;I)Lcom/google/common/collect/MapMakerInternalMap$InternalEntry; @ 40
Event: 67.491 Thread 0x000000001d351000 Uncommon trap: reason=unstable_if action=reinterpret pc=0x00000000033eab28 method=com.google.common.collect.MapMakerInternalMap$Segment.getEntry(Ljava/lang/Object;I)Lcom/google/common/collect/MapMakerInternalMap$InternalEntry; @ 40
Event: 67.511 Thread 0x0000000019181800 Uncommon trap: reason=class_check action=maybe_recompile pc=0x00000000030535f0 method=java.util.Collections.indexedBinarySearch(Ljava/util/List;Ljava/lang/Object;)I @ 31

Classes redefined (0 events):
No events

Internal exceptions (10 events):
Event: 45.941 Thread 0x0000000018f80800 Exception <a 'sun/nio/fs/WindowsException'> (0x00000000f9d5eeb0) thrown at [C:\ade\jenkins\workspace\8-2-build-windows-amd64-cygwin\jdk8u241\331\hotspot\src\share\vm\prims\jni.cpp, line 710]
Event: 45.942 Thread 0x0000000018f80800 Exception <a 'sun/nio/fs/WindowsException'> (0x00000000f9d60938) thrown at [C:\ade\jenkins\workspace\8-2-build-windows-amd64-cygwin\jdk8u241\331\hotspot\src\share\vm\prims\jni.cpp, line 710]
Event: 45.942 Thread 0x0000000018f80800 Exception <a 'sun/nio/fs/WindowsException'> (0x00000000f9d623f0) thrown at [C:\ade\jenkins\workspace\8-2-build-windows-amd64-cygwin\jdk8u241\331\hotspot\src\share\vm\prims\jni.cpp, line 710]
Event: 45.943 Thread 0x0000000018f80800 Exception <a 'sun/nio/fs/WindowsException'> (0x00000000f9d63e50) thrown at [C:\ade\jenkins\workspace\8-2-build-windows-amd64-cygwin\jdk8u241\331\hotspot\src\share\vm\prims\jni.cpp, line 710]
Event: 45.943 Thread 0x0000000018f80800 Exception <a 'sun/nio/fs/WindowsException'> (0x00000000f9d658a8) thrown at [C:\ade\jenkins\workspace\8-2-build-windows-amd64-cygwin\jdk8u241\331\hotspot\src\share\vm\prims\jni.cpp, line 710]
Event: 45.947 Thread 0x0000000018f80800 Implicit null exception at 0x0000000003b9a9e7 to 0x0000000003b9ad9d
Event: 61.658 Thread 0x0000000018f80800 Implicit null exception at 0x00000000044727ab to 0x0000000004476ba1
Event: 61.658 Thread 0x0000000018f80800 Implicit null exception at 0x0000000003a00a2c to 0x0000000003a00a75
Event: 63.980 Thread 0x0000000018f80800 Exception <a 'sun/nio/fs/WindowsException'> (0x00000000fbdbb140) thrown at [C:\ade\jenkins\workspace\8-2-build-windows-amd64-cygwin\jdk8u241\331\hotspot\src\share\vm\prims\jni.cpp, line 710]
Event: 66.139 Thread 0x0000000018f80800 Implicit null exception at 0x00000000040e3e9f to 0x00000000040e3fcd

Events (10 events):
Event: 67.491 Thread 0x0000000017b6c800 Uncommon trap: trap_request=0xffffff65 fr.pc=0x00000000046ef88c
Event: 67.491 Thread 0x0000000017b6c800 DEOPT PACKING pc=0x00000000046ef88c sp=0x00000000249aca00
Event: 67.491 Thread 0x0000000017b6c800 DEOPT UNPACKING pc=0x00000000026e583b sp=0x00000000249ac948 mode 2
Event: 67.491 Thread 0x000000001d351000 Uncommon trap: trap_request=0xffffff65 fr.pc=0x00000000033eab28
Event: 67.491 Thread 0x000000001d351000 DEOPT PACKING pc=0x00000000033eab28 sp=0x000000002621cab0
Event: 67.491 Thread 0x000000001d351000 DEOPT UNPACKING pc=0x00000000026e583b sp=0x000000002621ca68 mode 2
Event: 67.511 Thread 0x0000000019181800 Uncommon trap: trap_request=0xffffffde fr.pc=0x00000000030535f0
Event: 67.511 Thread 0x0000000019181800 DEOPT PACKING pc=0x00000000030535f0 sp=0x000000001b1be950
Event: 67.511 Thread 0x0000000019181800 DEOPT UNPACKING pc=0x00000000026e583b sp=0x000000001b1be7a0 mode 2
Event: 67.528 Thread 0x000000001d34a000 Thread added: 0x000000001d34a000


Dynamic libraries:
0x00007ff708550000 - 0x00007ff708587000 	C:\Program Files\Java\jdk1.8.0_241\bin\java.exe
0x00007ffaa6be0000 - 0x00007ffaa6dd0000 	C:\Windows\SYSTEM32\ntdll.dll
0x00007ffaa6230000 - 0x00007ffaa62e2000 	C:\Windows\System32\KERNEL32.DLL
0x00007ffaa48b0000 - 0x00007ffaa4b53000 	C:\Windows\System32\KERNELBASE.dll
0x00007ffaa69c0000 - 0x00007ffaa6a63000 	C:\Windows\System32\ADVAPI32.dll
0x00007ffaa67d0000 - 0x00007ffaa686e000 	C:\Windows\System32\msvcrt.dll
0x00007ffaa6a80000 - 0x00007ffaa6b17000 	C:\Windows\System32\sechost.dll
0x00007ffaa66b0000 - 0x00007ffaa67d0000 	C:\Windows\System32\RPCRT4.dll
0x00007ffaa6510000 - 0x00007ffaa66a4000 	C:\Windows\System32\USER32.dll
0x00007ffaa44b0000 - 0x00007ffaa44d1000 	C:\Windows\System32\win32u.dll
0x00007ffaa5110000 - 0x00007ffaa5136000 	C:\Windows\System32\GDI32.dll
0x00007ffaa4310000 - 0x00007ffaa44a4000 	C:\Windows\System32\gdi32full.dll
0x00007ffaa46c0000 - 0x00007ffaa475e000 	C:\Windows\System32\msvcp_win.dll
0x00007ffaa4560000 - 0x00007ffaa465a000 	C:\Windows\System32\ucrtbase.dll
0x00007ffa9d0d0000 - 0x00007ffa9d355000 	C:\Windows\WinSxS\amd64_microsoft.windows.common-controls_6595b64144ccf1df_6.0.18362.720_none_e6beb5c51314836b\COMCTL32.dll
0x00007ffaa5ed0000 - 0x00007ffaa6206000 	C:\Windows\System32\combase.dll
0x00007ffaa44e0000 - 0x00007ffaa4560000 	C:\Windows\System32\bcryptPrimitives.dll
0x00007ffaa5ea0000 - 0x00007ffaa5ece000 	C:\Windows\System32\IMM32.DLL
0x00000000626f0000 - 0x00000000627c2000 	C:\Program Files\Java\jdk1.8.0_241\jre\bin\msvcr100.dll
0x0000000061c70000 - 0x000000006251c000 	C:\Program Files\Java\jdk1.8.0_241\jre\bin\server\jvm.dll
0x00007ffaa4f60000 - 0x00007ffaa4f68000 	C:\Windows\System32\PSAPI.DLL
0x00007ffaa1bd0000 - 0x00007ffaa1bf4000 	C:\Windows\SYSTEM32\WINMM.dll
0x00007ffa8f5a0000 - 0x00007ffa8f5a9000 	C:\Windows\SYSTEM32\WSOCK32.dll
0x00007ffa9f3e0000 - 0x00007ffa9f3ea000 	C:\Windows\SYSTEM32\VERSION.dll
0x00007ffaa5d70000 - 0x00007ffaa5ddf000 	C:\Windows\System32\WS2_32.dll
0x00007ffaa1ba0000 - 0x00007ffaa1bcd000 	C:\Windows\SYSTEM32\WINMMBASE.dll
0x00007ffaa4b60000 - 0x00007ffaa4baa000 	C:\Windows\System32\cfgmgr32.dll
0x00007ffa8f140000 - 0x00007ffa8f14f000 	C:\Program Files\Java\jdk1.8.0_241\jre\bin\verify.dll
0x00007ffa88dd0000 - 0x00007ffa88df9000 	C:\Program Files\Java\jdk1.8.0_241\jre\bin\java.dll
0x00007ffa893a0000 - 0x00007ffa893b6000 	C:\Program Files\Java\jdk1.8.0_241\jre\bin\zip.dll
0x00007ffaa55b0000 - 0x00007ffaa5c95000 	C:\Windows\System32\SHELL32.dll
0x00007ffaa4eb0000 - 0x00007ffaa4f59000 	C:\Windows\System32\shcore.dll
0x00007ffaa3b90000 - 0x00007ffaa4310000 	C:\Windows\System32\windows.storage.dll
0x00007ffaa3b20000 - 0x00007ffaa3b43000 	C:\Windows\System32\profapi.dll
0x00007ffaa3ad0000 - 0x00007ffaa3b1a000 	C:\Windows\System32\powrprof.dll
0x00007ffaa3aa0000 - 0x00007ffaa3ab0000 	C:\Windows\System32\UMPDC.dll
0x00007ffaa62f0000 - 0x00007ffaa6342000 	C:\Windows\System32\shlwapi.dll
0x00007ffaa3ab0000 - 0x00007ffaa3ac1000 	C:\Windows\System32\kernel.appcore.dll
0x00007ffaa3b70000 - 0x00007ffaa3b87000 	C:\Windows\System32\cryptsp.dll
0x00007ffa87100000 - 0x00007ffa8711a000 	C:\Program Files\Java\jdk1.8.0_241\jre\bin\net.dll
0x00007ffaa3310000 - 0x00007ffaa3377000 	C:\Windows\system32\mswsock.dll
0x00007ffa870e0000 - 0x00007ffa870f2000 	C:\Program Files\Java\jdk1.8.0_241\jre\bin\nio.dll
0x00007ffa86eb0000 - 0x00007ffa86eda000 	C:\Users\admin\.gradle\native\36\windows-amd64\native-platform.dll
0x00007ffa895d0000 - 0x00007ffa895dd000 	C:\Program Files\Java\jdk1.8.0_241\jre\bin\management.dll
0x00007ffaa2e80000 - 0x00007ffaa2eb3000 	C:\Windows\system32\rsaenh.dll
0x00007ffaa4c60000 - 0x00007ffaa4c86000 	C:\Windows\System32\bcrypt.dll
0x00007ffaa39c0000 - 0x00007ffaa39e5000 	C:\Windows\SYSTEM32\USERENV.dll
0x00007ffaa34e0000 - 0x00007ffaa34ec000 	C:\Windows\SYSTEM32\CRYPTBASE.dll
0x00007ffaa3020000 - 0x00007ffaa305a000 	C:\Windows\SYSTEM32\IPHLPAPI.DLL
0x00007ffaa6a70000 - 0x00007ffaa6a78000 	C:\Windows\System32\NSI.dll
0x00007ffa95d70000 - 0x00007ffa95d86000 	C:\Windows\SYSTEM32\dhcpcsvc6.DLL
0x00007ffa95d50000 - 0x00007ffa95d6c000 	C:\Windows\SYSTEM32\dhcpcsvc.DLL
0x00007ffaa3060000 - 0x00007ffaa312a000 	C:\Windows\SYSTEM32\DNSAPI.dll
0x00007ffa64570000 - 0x00007ffa6470a000 	C:\Program Files\Java\jdk1.8.0_241\jre\bin\awt.dll
0x00007ffaa5ca0000 - 0x00007ffaa5d64000 	C:\Windows\System32\OLEAUT32.dll
0x00007ffaa1840000 - 0x00007ffaa18cf000 	C:\Windows\SYSTEM32\apphelp.dll
0x00007ffaa1e00000 - 0x00007ffaa1e99000 	C:\Windows\system32\uxtheme.dll
0x00007ffaa4f70000 - 0x00007ffaa50a6000 	C:\Windows\System32\MSCTF.dll
0x00007ffaa63b0000 - 0x00007ffaa6507000 	C:\Windows\System32\ole32.dll
0x00007ffa95550000 - 0x00007ffa95744000 	C:\Windows\SYSTEM32\dbghelp.dll

VM Arguments:
jvm_args: -XX:MaxMetaspaceSize=256m -XX:+HeapDumpOnOutOfMemoryError -Xms256m -Xmx512m -Dfile.encoding=windows-1252 -Duser.country=US -Duser.language=en -Duser.variant 
java_command: org.gradle.launcher.daemon.bootstrap.GradleDaemon 6.2
java_class_path (initial): C:\Users\admin\.gradle\wrapper\dists\gradle-6.2-all\dvufqs6kielxeao781pmk5huj\gradle-6.2\lib\gradle-launcher-6.2.jar
Launcher Type: SUN_STANDARD

Environment Variables:
JAVA_HOME=C:\Program Files\Java\jdk1.8.0_241
CLASSPATH=F:\1.react_native_workspace\12.calori_tracking\devel\calorie_track_malay\app_calorie_track_malay\android\\gradle\wrapper\gradle-wrapper.jar
USERNAME=V_STAR
OS=Windows_NT
PROCESSOR_IDENTIFIER=Intel64 Family 6 Model 158 Stepping 10, GenuineIntel



---------------  S Y S T E M  ---------------

OS: Windows 10.0 , 64 bit Build 18362 (10.0.18362.329)

CPU:total 12 (initial active 12) (6 cores per cpu, 2 threads per core) family 6 model 158 stepping 10, cmov, cx8, fxsr, mmx, sse, sse2, sse3, ssse3, sse4.1, sse4.2, popcnt, avx, avx2, aes, clmul, erms, rtm, 3dnowpref, lzcnt, ht, tsc, tscinvbit, bmi1, bmi2, adx

Memory: 4k page, physical 16707092k(7405744k free), swap 22998548k(9987212k free)

vm_info: Java HotSpot(TM) 64-Bit Server VM (25.241-b07) for windows-amd64 JRE (1.8.0_241-b07), built on Dec 11 2019 10:21:40 by "rejava" with MS VC++ 10.0 (VS2010)

time: Sat Mar 06 00:16:31 2021
timezone: Romance Standard Time
elapsed time: 70 seconds (0d 0h 1m 10s)

